app/build/outputs/logs/manifest-merger-debug-report.txt
-- Merging decision tree log ---
manifest
ADDED from src\main\AndroidManifest.xml:1:1-188:12
	package
		ADDED from src\main\AndroidManifest.xml:2:5-23
		INJECTED from src\main\AndroidManifest.xml
		INJECTED from src\main\AndroidManifest.xml
	android:versionName
		ADDED from src\main\AndroidManifest.xml:4:5-30
		INJECTED from src\main\AndroidManifest.xml
		INJECTED from src\main\AndroidManifest.xml
	android:versionCode
		ADDED from src\main\AndroidManifest.xml:3:5-28
		INJECTED from src\main\AndroidManifest.xml
		INJECTED from src\main\AndroidManifest.xml
	xmlns:android
		ADDED from src\main\AndroidManifest.xml:1:11-69
uses-sdk
ADDED from src\main\AndroidManifest.xml:6:5-8:41
MERGED from [com.jakewharton:butterknife:8.2.1] AndroidManifest.xml:5:5-43
MERGED from [com.daimajia.easing:library:1.0.1] AndroidManifest.xml:8:5-10:41
MERGED from [com.daimajia.androidanimations:library:1.1.3] AndroidManifest.xml:8:5-10:41
MERGED from [me.relex:circleindicator:1.2.1] AndroidManifest.xml:8:5-10:41
MERGED from [cn.bmob.android:bmob-im:2.0.5] AndroidManifest.xml:7:5-9:41
MERGED from [com.orhanobut:logger:1.4] AndroidManifest.xml:7:5-9:41
MERGED from [cn.bmob.android:bmob-sdk:3.4.7-aar] AndroidManifest.xml:7:5-9:41
MERGED from [com.android.support:recyclerview-v7:23.1.1] AndroidManifest.xml:20:5-43
MERGED from [com.jwenfeng.pulltorefresh:library:1.0.3] AndroidManifest.xml:7:5-9:41
MERGED from [com.github.autume:CircleProgressDialog:1.0.0] AndroidManifest.xml:7:5-9:41
MERGED from [com.android.support:appcompat-v7:25.0.1] AndroidManifest.xml:21:5-23:78
MERGED from [com.android.support:support-v4:25.0.1] AndroidManifest.xml:21:5-23:54
MERGED from [com.android.support:support-fragment:25.0.1] AndroidManifest.xml:21:5-23:60
MERGED from [com.android.support:support-media-compat:25.0.1] AndroidManifest.xml:21:5-23:63
MERGED from [com.android.support:support-core-ui:25.0.1] AndroidManifest.xml:21:5-23:58
MERGED from [com.android.support:support-core-utils:25.0.1] AndroidManifest.xml:21:5-23:61
MERGED from [com.android.support:animated-vector-drawable:25.0.1] AndroidManifest.xml:20:5-44
MERGED from [com.android.support:support-vector-drawable:25.0.1] AndroidManifest.xml:21:5-43
MERGED from [com.android.support:support-compat:25.0.1] AndroidManifest.xml:21:5-23:58
MERGED from [com.github.lecho:hellocharts-android:v1.5.8] AndroidManifest.xml:7:5-9:41
	tools:overrideLibrary
		ADDED from [com.android.support:appcompat-v7:25.0.1] AndroidManifest.xml:23:9-75
	android:targetSdkVersion
		ADDED from src\main\AndroidManifest.xml:8:9-38
		INJECTED from src\main\AndroidManifest.xml
		INJECTED from src\main\AndroidManifest.xml
	android:minSdkVersion
		ADDED from src\main\AndroidManifest.xml:7:9-35
		INJECTED from src\main\AndroidManifest.xml
		INJECTED from src\main\AndroidManifest.xml
uses-permission#android.permission.INTERNET
ADDED from src\main\AndroidManifest.xml:11:5-67
	android:name
		ADDED from src\main\AndroidManifest.xml:11:22-64
uses-permission#android.permission.ACCESS_NETWORK_STATE
ADDED from src\main\AndroidManifest.xml:13:5-79
	android:name
		ADDED from src\main\AndroidManifest.xml:13:22-76
uses-permission#android.permission.ACCESS_WIFI_STATE
ADDED from src\main\AndroidManifest.xml:15:5-76
	android:name
		ADDED from src\main\AndroidManifest.xml:15:22-73
uses-permission#android.permission.WAKE_LOCK
ADDED from src\main\AndroidManifest.xml:17:5-68
	android:name
		ADDED from src\main\AndroidManifest.xml:17:22-65
uses-permission#android.permission.WRITE_EXTERNAL_STORAGE
ADDED from src\main\AndroidManifest.xml:19:5-81
	android:name
		ADDED from src\main\AndroidManifest.xml:19:22-78
uses-permission#android.permission.READ_PHONE_STATE
ADDED from src\main\AndroidManifest.xml:21:5-75
	android:name
		ADDED from src\main\AndroidManifest.xml:21:22-72
uses-permission#android.permission.CAMERA
ADDED from src\main\AndroidManifest.xml:23:2-24:23
	android:name
		ADDED from src\main\AndroidManifest.xml:23:19-59
uses-permission#android.permission.VIBRATE
ADDED from src\main\AndroidManifest.xml:25:1-62
	android:name
		ADDED from src\main\AndroidManifest.xml:25:18-59
uses-feature#android.hardware.camera
ADDED from src\main\AndroidManifest.xml:27:5-60
	android:name
		ADDED from src\main\AndroidManifest.xml:27:19-57
uses-feature#android.hardware.camera.autofocus
ADDED from src\main\AndroidManifest.xml:28:5-70
	android:name
		ADDED from src\main\AndroidManifest.xml:28:19-67
uses-permission#android.permission.SYSTEM_ALERT_WINDOW
ADDED from src\main\AndroidManifest.xml:30:5-78
	android:name
		ADDED from src\main\AndroidManifest.xml:30:22-75
uses-permission#android.permission.GET_TASKS
ADDED from src\main\AndroidManifest.xml:32:5-68
	android:name
		ADDED from src\main\AndroidManifest.xml:32:22-65
uses-permission#android.permission.RECORD_AUDIO
ADDED from src\main\AndroidManifest.xml:35:5-71
	android:name
		ADDED from src\main\AndroidManifest.xml:35:22-68
application
ADDED from src\main\AndroidManifest.xml:41:6-184:23
MERGED from [cn.bmob.android:bmob-im:2.0.5] AndroidManifest.xml:11:5-15:19
MERGED from [com.orhanobut:logger:1.4] AndroidManifest.xml:11:5-47
MERGED from [cn.bmob.android:bmob-sdk:3.4.7-aar] AndroidManifest.xml:11:5-14:19
MERGED from [com.jwenfeng.pulltorefresh:library:1.0.3] AndroidManifest.xml:11:5-15:19
MERGED from [com.github.autume:CircleProgressDialog:1.0.0] AndroidManifest.xml:11:5-15:19
MERGED from [com.android.support:appcompat-v7:25.0.1] AndroidManifest.xml:25:5-20
MERGED from [com.android.support:support-v4:25.0.1] AndroidManifest.xml:25:5-20
MERGED from [com.android.support:support-fragment:25.0.1] AndroidManifest.xml:25:5-20
MERGED from [com.android.support:support-media-compat:25.0.1] AndroidManifest.xml:25:5-20
MERGED from [com.android.support:support-core-ui:25.0.1] AndroidManifest.xml:25:5-20
MERGED from [com.android.support:support-core-utils:25.0.1] AndroidManifest.xml:25:5-20
MERGED from [com.android.support:animated-vector-drawable:25.0.1] AndroidManifest.xml:22:5-20
MERGED from [com.android.support:support-vector-drawable:25.0.1] AndroidManifest.xml:23:5-20
MERGED from [com.android.support:support-compat:25.0.1] AndroidManifest.xml:25:5-20
	android:label
		ADDED from src\main\AndroidManifest.xml:45:9-41
	android:supportsRtl
		ADDED from [cn.bmob.android:bmob-im:2.0.5] AndroidManifest.xml:14:9-35
	android:allowBackup
		ADDED from src\main\AndroidManifest.xml:43:9-35
	android:icon
		ADDED from src\main\AndroidManifest.xml:44:9-45
	android:theme
		ADDED from src\main\AndroidManifest.xml:46:9-40
	android:name
		ADDED from src\main\AndroidManifest.xml:42:9-48
activity#com.boss.slpash.SplashActivity
ADDED from src\main\AndroidManifest.xml:47:9-55:20
	android:screenOrientation
		ADDED from src\main\AndroidManifest.xml:49:14-50
	android:label
		ADDED from src\main\AndroidManifest.xml:50:13-45
	android:name
		ADDED from src\main\AndroidManifest.xml:48:13-50
intent-filter#android.intent.action.MAIN+android.intent.category.LAUNCHER
ADDED from src\main\AndroidManifest.xml:51:13-54:29
action#android.intent.action.MAIN
ADDED from src\main\AndroidManifest.xml:52:17-69
	android:name
		ADDED from src\main\AndroidManifest.xml:52:25-66
category#android.intent.category.LAUNCHER
ADDED from src\main\AndroidManifest.xml:53:17-77
	android:name
		ADDED from src\main\AndroidManifest.xml:53:27-74
activity#com.boss.activity.SetDataActivity
ADDED from src\main\AndroidManifest.xml:57:9-79
	android:name
		ADDED from src\main\AndroidManifest.xml:57:19-67
activity#com.boss.company2.CompanyInfoActiviy
ADDED from src\main\AndroidManifest.xml:59:10-75
	android:name
		ADDED from src\main\AndroidManifest.xml:59:20-63
activity#com.boss.search.SearchActivity
ADDED from src\main\AndroidManifest.xml:61:10-113
	android:theme
		ADDED from src\main\AndroidManifest.xml:61:58-101
	android:name
		ADDED from src\main\AndroidManifest.xml:61:20-57
activity#com.boss.search.SearchResultActivity
ADDED from src\main\AndroidManifest.xml:63:10-119
	android:theme
		ADDED from src\main\AndroidManifest.xml:63:64-107
	android:name
		ADDED from src\main\AndroidManifest.xml:63:20-63
activity#com.boss.employee2.JobInfoActivity
ADDED from src\main\AndroidManifest.xml:65:10-73
	android:name
		ADDED from src\main\AndroidManifest.xml:65:20-61
activity#com.boss.register.setCompanyTypeActivity
ADDED from src\main\AndroidManifest.xml:67:10-79
	android:name
		ADDED from src\main\AndroidManifest.xml:67:20-67
activity#com.boss.register.setCompanyMemberNum
ADDED from src\main\AndroidManifest.xml:69:10-76
	android:name
		ADDED from src\main\AndroidManifest.xml:69:20-64
activity#com.boss.company3.in.release.ReleseJobActivity
ADDED from src\main\AndroidManifest.xml:71:9-84
	android:name
		ADDED from src\main\AndroidManifest.xml:71:19-72
activity#com.boss.company3.in.release.ReleseJobListActivity
ADDED from src\main\AndroidManifest.xml:73:10-89
	android:name
		ADDED from src\main\AndroidManifest.xml:73:20-77
activity#com.boss.company3.in.release.setListDataActivity
ADDED from src\main\AndroidManifest.xml:75:10-87
	android:name
		ADDED from src\main\AndroidManifest.xml:75:20-75
activity#com.boss.company3.in.recievejianli.InterestJianliActivity
ADDED from src\main\AndroidManifest.xml:77:10-96
	android:name
		ADDED from src\main\AndroidManifest.xml:77:20-84
activity#com.boss.company3.in.recievejianli.ReciveJianliListActivity
ADDED from src\main\AndroidManifest.xml:79:10-98
	android:name
		ADDED from src\main\AndroidManifest.xml:79:20-86
activity#com.boss.company3.in.recievejianli.ReviewJianliActivity
ADDED from src\main\AndroidManifest.xml:81:10-94
	android:name
		ADDED from src\main\AndroidManifest.xml:81:20-82
activity#com.boss.employee4.in.PostJobListActivity
ADDED from src\main\AndroidManifest.xml:83:10-80
	android:name
		ADDED from src\main\AndroidManifest.xml:83:20-68
activity#com.boss.statistic.StatisticActivity
ADDED from src\main\AndroidManifest.xml:85:10-75
	android:name
		ADDED from src\main\AndroidManifest.xml:85:20-63
activity#com.boss.admin.AdminActivity
ADDED from src\main\AndroidManifest.xml:87:10-67
	android:name
		ADDED from src\main\AndroidManifest.xml:87:20-55
activity#com.boss.admin.CreateAdminActivity
ADDED from src\main\AndroidManifest.xml:89:10-73
	android:name
		ADDED from src\main\AndroidManifest.xml:89:20-61
activity#com.boss.admin.CheckJobActivity
ADDED from src\main\AndroidManifest.xml:91:10-70
	android:name
		ADDED from src\main\AndroidManifest.xml:91:20-58
activity#com.boss.login.BaseActivity
ADDED from src\main\AndroidManifest.xml:94:9-73
	android:name
		ADDED from src\main\AndroidManifest.xml:94:19-61
activity#com.boss.login.LoginActivity
ADDED from src\main\AndroidManifest.xml:95:9-75
	android:name
		ADDED from src\main\AndroidManifest.xml:95:19-62
activity#com.boss.login.MainCompanyActivity
ADDED from src\main\AndroidManifest.xml:96:9-80
	android:name
		ADDED from src\main\AndroidManifest.xml:96:19-68
activity#com.boss.login.PasswordLoginActivity
ADDED from src\main\AndroidManifest.xml:97:9-82
	android:name
		ADDED from src\main\AndroidManifest.xml:97:19-70
activity#com.boss.login.UserAggrementActivity
ADDED from src\main\AndroidManifest.xml:98:9-82
	android:name
		ADDED from src\main\AndroidManifest.xml:98:19-70
activity#com.boss.login.FrogetPasswordActivity
ADDED from src\main\AndroidManifest.xml:99:9-83
	android:name
		ADDED from src\main\AndroidManifest.xml:99:19-71
activity#com.boss.login.MainEmployeeActivity
ADDED from src\main\AndroidManifest.xml:100:6-78
	android:name
		ADDED from src\main\AndroidManifest.xml:100:16-66
activity#com.boss.admin.ChackCompanyActivity
ADDED from src\main\AndroidManifest.xml:102:10-74
	android:name
		ADDED from src\main\AndroidManifest.xml:102:20-62
activity#com.boss.admin.CheckCompanyInfoActivity
ADDED from src\main\AndroidManifest.xml:104:10-78
	android:name
		ADDED from src\main\AndroidManifest.xml:104:20-66
activity#com.boss.admin.CheckJobInfoActivity
ADDED from src\main\AndroidManifest.xml:106:10-74
	android:name
		ADDED from src\main\AndroidManifest.xml:106:20-62
activity#com.boss.register.RegisterActivity
ADDED from src\main\AndroidManifest.xml:109:9-80
	android:name
		ADDED from src\main\AndroidManifest.xml:109:19-68
activity#com.boss.register.EmployeeStep1Activity
ADDED from src\main\AndroidManifest.xml:110:9-85
	android:name
		ADDED from src\main\AndroidManifest.xml:110:19-73
activity#com.boss.register.CompanyStep1Activity
ADDED from src\main\AndroidManifest.xml:111:9-84
	android:name
		ADDED from src\main\AndroidManifest.xml:111:19-72
activity#com.boss.register.EmployeeStep2Activity
ADDED from src\main\AndroidManifest.xml:112:9-85
	android:name
		ADDED from src\main\AndroidManifest.xml:112:19-73
activity#com.boss.register.EmployeeStep3Activity
ADDED from src\main\AndroidManifest.xml:113:9-85
	android:name
		ADDED from src\main\AndroidManifest.xml:113:19-73
activity#com.boss.register.SetWorkTypeActivity
ADDED from src\main\AndroidManifest.xml:114:9-83
	android:name
		ADDED from src\main\AndroidManifest.xml:114:19-71
activity#com.boss.register.SetWorkSkillActivity
ADDED from src\main\AndroidManifest.xml:115:9-84
	android:name
		ADDED from src\main\AndroidManifest.xml:115:19-72
activity#com.boss.register.EmployeeStep4Activity
ADDED from src\main\AndroidManifest.xml:116:9-85
	android:name
		ADDED from src\main\AndroidManifest.xml:116:19-73
activity#com.boss.company1.UserJianliActivity
ADDED from src\main\AndroidManifest.xml:120:9-82
	android:name
		ADDED from src\main\AndroidManifest.xml:120:19-70
activity#com.boss.company1.AAActivity
ADDED from src\main\AndroidManifest.xml:121:9-74
	android:name
		ADDED from src\main\AndroidManifest.xml:121:19-62
activity#com.boss.company3.in.setting.SettingActivity
ADDED from src\main\AndroidManifest.xml:129:9-90
	android:name
		ADDED from src\main\AndroidManifest.xml:129:19-78
activity#com.boss.employee4.in.editdata.EditDataActivity
ADDED from src\main\AndroidManifest.xml:134:9-93
	android:name
		ADDED from src\main\AndroidManifest.xml:134:19-81
activity#com.boss.employee4.in.setting.SettingActivity
ADDED from src\main\AndroidManifest.xml:135:9-91
	android:name
		ADDED from src\main\AndroidManifest.xml:135:19-79
activity#com.boss.employee4.in.setting.ChangePassword
ADDED from src\main\AndroidManifest.xml:136:9-90
	android:name
		ADDED from src\main\AndroidManifest.xml:136:19-78
activity#com.boss.employee4.in.editdata.MyIntroduceActivity
ADDED from src\main\AndroidManifest.xml:137:9-96
	android:name
		ADDED from src\main\AndroidManifest.xml:137:19-84
activity#com.boss.employee4.in.editdata.MyShejiaozhuyeActivity
ADDED from src\main\AndroidManifest.xml:138:9-99
	android:name
		ADDED from src\main\AndroidManifest.xml:138:19-87
activity#com.boss.employee4.in.editdata.qiuzhiyixiang.MyQiuzhiyixiang
ADDED from src\main\AndroidManifest.xml:139:9-106
	android:name
		ADDED from src\main\AndroidManifest.xml:139:19-94
activity#com.boss.employee4.in.editdata.qiuzhiyixiang.AddExpectWorkActivity
ADDED from src\main\AndroidManifest.xml:140:9-112
	android:name
		ADDED from src\main\AndroidManifest.xml:140:19-100
activity#com.boss.employee4.in.editdata.qiuzhiyixiang.SetWorkHangyeActivity
ADDED from src\main\AndroidManifest.xml:141:9-112
	android:name
		ADDED from src\main\AndroidManifest.xml:141:19-100
activity#com.boss.employee4.in.editdata.qiuzhiyixiang.AddExpectWorkChangeActivity
ADDED from src\main\AndroidManifest.xml:142:9-118
	android:name
		ADDED from src\main\AndroidManifest.xml:142:19-106
activity#com.boss.employee4.in.editdata.qiuzhiyixiang.SetCityActivity
ADDED from src\main\AndroidManifest.xml:143:9-106
	android:name
		ADDED from src\main\AndroidManifest.xml:143:19-94
activity#com.boss.employee4.in.editdata.UserDataActivity
ADDED from src\main\AndroidManifest.xml:144:9-93
	android:name
		ADDED from src\main\AndroidManifest.xml:144:19-81
activity#com.boss.employee4.in.editdata.MyWorkExpActivity
ADDED from src\main\AndroidManifest.xml:145:9-94
	android:name
		ADDED from src\main\AndroidManifest.xml:145:19-82
activity#com.boss.employee4.in.editdata.YuLanJianLiActivity
ADDED from src\main\AndroidManifest.xml:146:9-96
	android:name
		ADDED from src\main\AndroidManifest.xml:146:19-84
activity#com.boss.employee4.in.editdata.MyEduExpActivity
ADDED from src\main\AndroidManifest.xml:147:9-93
	android:name
		ADDED from src\main\AndroidManifest.xml:147:19-81
activity#com.boss.employee4.in.editdata.MyXiangmuActivity
ADDED from src\main\AndroidManifest.xml:148:9-94
	android:name
		ADDED from src\main\AndroidManifest.xml:148:19-82
activity#com.boss.employee4.ct.ResultActivity
ADDED from src\main\AndroidManifest.xml:149:9-82
	android:name
		ADDED from src\main\AndroidManifest.xml:149:19-70
activity#com.boss.employee4.ct.CaptureActivity
ADDED from src\main\AndroidManifest.xml:150:9-83
	android:name
		ADDED from src\main\AndroidManifest.xml:150:19-71
activity#com.boss.im.ui.ChatActivity
ADDED from src\main\AndroidManifest.xml:155:10-158:77
	android:screenOrientation
		ADDED from src\main\AndroidManifest.xml:157:14-50
	android:windowSoftInputMode
		ADDED from src\main\AndroidManifest.xml:158:14-74
	android:name
		ADDED from src\main\AndroidManifest.xml:156:14-48
activity#com.boss.im.ui.SearchUserActivity
ADDED from src\main\AndroidManifest.xml:160:10-63
	android:name
		ADDED from src\main\AndroidManifest.xml:160:20-60
activity#com.boss.im.ui.UserInfoActivity
ADDED from src\main\AndroidManifest.xml:161:10-60
	android:name
		ADDED from src\main\AndroidManifest.xml:161:20-58
receiver#cn.bmob.newim.core.ConnectChangeReceiver
ADDED from src\main\AndroidManifest.xml:163:10-170:21
	android:name
		ADDED from src\main\AndroidManifest.xml:163:20-75
intent-filter#android.intent.action.BOOT_COMPLETED+android.intent.action.USER_PRESENT+android.net.conn.CONNECTIVITY_CHANGE+cn.bmob.action.RECONNECT
ADDED from src\main\AndroidManifest.xml:164:14-169:30
action#cn.bmob.action.RECONNECT
ADDED from src\main\AndroidManifest.xml:165:18-68
	android:name
		ADDED from src\main\AndroidManifest.xml:165:26-65
action#android.net.conn.CONNECTIVITY_CHANGE
ADDED from src\main\AndroidManifest.xml:166:18-80
	android:name
		ADDED from src\main\AndroidManifest.xml:166:26-77
action#android.intent.action.BOOT_COMPLETED
ADDED from src\main\AndroidManifest.xml:167:18-80
	android:name
		ADDED from src\main\AndroidManifest.xml:167:26-77
action#android.intent.action.USER_PRESENT
ADDED from src\main\AndroidManifest.xml:168:18-78
	android:name
		ADDED from src\main\AndroidManifest.xml:168:26-75
service#cn.bmob.newim.core.service.BmobIMService
ADDED from src\main\AndroidManifest.xml:171:10-173:44
	android:process
		ADDED from src\main\AndroidManifest.xml:173:14-41
	android:name
		ADDED from src\main\AndroidManifest.xml:172:14-69
service#cn.bmob.newim.core.service.NotifyService
ADDED from src\main\AndroidManifest.xml:174:10-176:44
	android:process
		ADDED from src\main\AndroidManifest.xml:176:14-41
	android:name
		ADDED from src\main\AndroidManifest.xml:175:14-69
service#cn.bmob.newim.core.service.ReConnectService
ADDED from src\main\AndroidManifest.xml:177:10-80
	android:name
		ADDED from src\main\AndroidManifest.xml:177:19-77
service#cn.bmob.newim.core.service.HeartBeatService
ADDED from src\main\AndroidManifest.xml:178:10-80
	android:name
		ADDED from src\main\AndroidManifest.xml:178:19-77
meta-data#Bmob_APP_KEY
ADDED from src\main\AndroidManifest.xml:181:10-183:65
	android:value
		ADDED from src\main\AndroidManifest.xml:183:14-62
	android:name
		ADDED from src\main\AndroidManifest.xml:182:14-41